<?xml version="1.0" encoding="UTF-8"?>
<coverage generated="1747399413315" clover="3.2.0">
  <project timestamp="1747399413315" name="All files">
    <metrics statements="146" coveredstatements="121" conditionals="69" coveredconditionals="62" methods="17" coveredmethods="13" elements="232" coveredelements="196" complexity="0" loc="146" ncloc="146" packages="1" files="1" classes="1"/>
    <file name="svr.js" path="D:\Coding\PrepPal\svr.js">
      <metrics statements="146" coveredstatements="121" conditionals="69" coveredconditionals="62" methods="17" coveredmethods="13"/>
      <line num="11" count="1" type="stmt"/>
      <line num="13" count="1" type="stmt"/>
      <line num="14" count="1" type="stmt"/>
      <line num="17" count="1" type="stmt"/>
      <line num="18" count="1" type="stmt"/>
      <line num="21" count="1" type="stmt"/>
      <line num="26" count="1" type="stmt"/>
      <line num="27" count="1" type="stmt"/>
      <line num="30" count="1" type="stmt"/>
      <line num="40" count="1" type="stmt"/>
      <line num="43" count="1" type="stmt"/>
      <line num="46" count="1" type="stmt"/>
      <line num="47" count="0" type="stmt"/>
      <line num="51" count="1" type="stmt"/>
      <line num="52" count="13" type="stmt"/>
      <line num="53" count="13" type="stmt"/>
      <line num="54" count="13" type="stmt"/>
      <line num="57" count="13" type="cond" truecount="9" falsecount="0"/>
      <line num="58" count="6" type="stmt"/>
      <line num="62" count="7" type="cond" truecount="2" falsecount="0"/>
      <line num="63" count="1" type="stmt"/>
      <line num="67" count="6" type="cond" truecount="2" falsecount="0"/>
      <line num="68" count="1" type="stmt"/>
      <line num="71" count="5" type="stmt"/>
      <line num="74" count="5" type="stmt"/>
      <line num="81" count="5" type="stmt"/>
      <line num="84" count="5" type="stmt"/>
      <line num="89" count="0" type="stmt"/>
      <line num="90" count="0" type="stmt"/>
      <line num="95" count="1" type="stmt"/>
      <line num="96" count="7" type="stmt"/>
      <line num="97" count="7" type="stmt"/>
      <line num="98" count="7" type="stmt"/>
      <line num="101" count="7" type="stmt"/>
      <line num="102" count="7" type="cond" truecount="2" falsecount="0"/>
      <line num="103" count="7" type="cond" truecount="2" falsecount="0"/>
      <line num="104" count="7" type="cond" truecount="2" falsecount="0"/>
      <line num="105" count="7" type="cond" truecount="2" falsecount="0"/>
      <line num="107" count="7" type="cond" truecount="2" falsecount="0"/>
      <line num="108" count="4" type="stmt"/>
      <line num="111" count="3" type="stmt"/>
      <line num="114" count="3" type="stmt"/>
      <line num="119" count="3" type="cond" truecount="2" falsecount="0"/>
      <line num="120" count="2" type="stmt"/>
      <line num="124" count="1" type="stmt"/>
      <line num="130" count="1" type="stmt"/>
      <line num="135" count="0" type="stmt"/>
      <line num="136" count="0" type="stmt"/>
      <line num="141" count="1" type="stmt"/>
      <line num="142" count="1" type="stmt"/>
      <line num="143" count="1" type="cond" truecount="1" falsecount="1"/>
      <line num="144" count="0" type="stmt"/>
      <line num="147" count="1" type="stmt"/>
      <line num="150" count="1" type="stmt"/>
      <line num="153" count="1" type="stmt"/>
      <line num="155" count="1" type="cond" truecount="1" falsecount="1"/>
      <line num="156" count="0" type="stmt"/>
      <line num="160" count="1" type="stmt"/>
      <line num="161" count="1" type="cond" truecount="1" falsecount="1"/>
      <line num="162" count="0" type="stmt"/>
      <line num="164" count="1" type="stmt"/>
      <line num="167" count="0" type="stmt"/>
      <line num="168" count="0" type="stmt"/>
      <line num="173" count="1" type="stmt"/>
      <line num="174" count="27" type="stmt"/>
      <line num="175" count="27" type="stmt"/>
      <line num="178" count="27" type="stmt"/>
      <line num="180" count="27" type="cond" truecount="2" falsecount="0"/>
      <line num="182" count="22" type="stmt"/>
      <line num="183" count="22" type="stmt"/>
      <line num="184" count="22" type="stmt"/>
      <line num="186" count="5" type="stmt"/>
      <line num="191" count="1" type="stmt"/>
      <line num="192" count="0" type="stmt"/>
      <line num="196" count="1" type="stmt"/>
      <line num="197" count="2" type="cond" truecount="2" falsecount="0"/>
      <line num="198" count="1" type="stmt"/>
      <line num="201" count="1" type="stmt"/>
      <line num="205" count="1" type="stmt"/>
      <line num="206" count="0" type="stmt"/>
      <line num="210" count="1" type="stmt"/>
      <line num="211" count="2" type="cond" truecount="2" falsecount="0"/>
      <line num="212" count="1" type="stmt"/>
      <line num="215" count="1" type="stmt"/>
      <line num="216" count="1" type="cond" truecount="1" falsecount="1"/>
      <line num="217" count="0" type="stmt"/>
      <line num="219" count="1" type="stmt"/>
      <line num="224" count="1" type="stmt"/>
      <line num="225" count="0" type="cond" truecount="0" falsecount="2"/>
      <line num="226" count="0" type="stmt"/>
      <line num="229" count="0" type="stmt"/>
      <line num="233" count="1" type="stmt"/>
      <line num="234" count="3" type="stmt"/>
      <line num="235" count="3" type="cond" truecount="2" falsecount="0"/>
      <line num="236" count="1" type="stmt"/>
      <line num="239" count="2" type="stmt"/>
      <line num="240" count="2" type="stmt"/>
      <line num="242" count="2" type="stmt"/>
      <line num="244" count="0" type="stmt"/>
      <line num="245" count="0" type="stmt"/>
      <line num="250" count="1" type="stmt"/>
      <line num="251" count="8" type="stmt"/>
      <line num="252" count="8" type="cond" truecount="2" falsecount="0"/>
      <line num="253" count="2" type="stmt"/>
      <line num="256" count="6" type="stmt"/>
      <line num="257" count="6" type="stmt"/>
      <line num="260" count="6" type="stmt"/>
      <line num="265" count="6" type="cond" truecount="2" falsecount="0"/>
      <line num="266" count="1" type="stmt"/>
      <line num="269" count="5" type="stmt"/>
      <line num="271" count="0" type="stmt"/>
      <line num="272" count="0" type="stmt"/>
      <line num="277" count="1" type="stmt"/>
      <line num="278" count="5" type="stmt"/>
      <line num="279" count="5" type="cond" truecount="2" falsecount="0"/>
      <line num="280" count="1" type="stmt"/>
      <line num="283" count="4" type="stmt"/>
      <line num="284" count="4" type="stmt"/>
      <line num="287" count="4" type="cond" truecount="7" falsecount="1"/>
      <line num="288" count="0" type="stmt"/>
      <line num="293" count="4" type="cond" truecount="2" falsecount="0"/>
      <line num="294" count="1" type="stmt"/>
      <line num="298" count="3" type="cond" truecount="2" falsecount="0"/>
      <line num="299" count="1" type="stmt"/>
      <line num="302" count="2" type="stmt"/>
      <line num="305" count="2" type="stmt"/>
      <line num="311" count="2" type="cond" truecount="2" falsecount="0"/>
      <line num="312" count="1" type="stmt"/>
      <line num="315" count="1" type="stmt"/>
      <line num="317" count="0" type="stmt"/>
      <line num="318" count="0" type="stmt"/>
      <line num="329" count="1" type="stmt"/>
      <line num="330" count="3" type="stmt"/>
      <line num="331" count="3" type="cond" truecount="2" falsecount="0"/>
      <line num="332" count="1" type="stmt"/>
      <line num="334" count="2" type="stmt"/>
      <line num="335" count="2" type="stmt"/>
      <line num="338" count="2" type="stmt"/>
      <line num="340" count="2" type="cond" truecount="2" falsecount="0"/>
      <line num="341" count="1" type="stmt"/>
      <line num="345" count="1" type="stmt"/>
      <line num="347" count="1" type="stmt"/>
      <line num="349" count="0" type="stmt"/>
      <line num="350" count="0" type="stmt"/>
      <line num="355" count="1" type="stmt"/>
      <line num="356" count="1" type="stmt"/>
    </file>
  </project>
</coverage>
