{"D:\\Coding\\PrepPal\\svr.js": {"path":"D:\\Coding\\PrepPal\\svr.js","statementMap":{"0":{"start":{"line":11,"column":0},"end":{"line":11,"column":16}},"1":{"start":{"line":13,"column":12},"end":{"line":13,"column":21}},"2":{"start":{"line":14,"column":13},"end":{"line":14,"column":17}},"3":{"start":{"line":17,"column":19},"end":{"line":17,"column":49}},"4":{"start":{"line":18,"column":18},"end":{"line":18,"column":42}},"5":{"start":{"line":21,"column":18},"end":{"line":24,"column":2}},"6":{"start":{"line":26,"column":25},"end":{"line":26,"column":64}},"7":{"start":{"line":27,"column":28},"end":{"line":27,"column":54}},"8":{"start":{"line":30,"column":0},"end":{"line":37,"column":4}},"9":{"start":{"line":40,"column":0},"end":{"line":40,"column":24}},"10":{"start":{"line":43,"column":0},"end":{"line":43,"column":34}},"11":{"start":{"line":46,"column":0},"end":{"line":48,"column":3}},"12":{"start":{"line":47,"column":2},"end":{"line":47,"column":54}},"13":{"start":{"line":51,"column":0},"end":{"line":92,"column":3}},"14":{"start":{"line":52,"column":2},"end":{"line":91,"column":3}},"15":{"start":{"line":53,"column":4},"end":{"line":53,"column":43}},"16":{"start":{"line":54,"column":95},"end":{"line":54,"column":103}},"17":{"start":{"line":57,"column":4},"end":{"line":59,"column":5}},"18":{"start":{"line":58,"column":6},"end":{"line":58,"column":72}},"19":{"start":{"line":62,"column":4},"end":{"line":64,"column":5}},"20":{"start":{"line":63,"column":6},"end":{"line":63,"column":81}},"21":{"start":{"line":67,"column":4},"end":{"line":69,"column":5}},"22":{"start":{"line":68,"column":6},"end":{"line":68,"column":77}},"23":{"start":{"line":71,"column":15},"end":{"line":71,"column":30}},"24":{"start":{"line":74,"column":19},"end":{"line":78,"column":5}},"25":{"start":{"line":81,"column":16},"end":{"line":81,"column":64}},"26":{"start":{"line":84,"column":4},"end":{"line":87,"column":7}},"27":{"start":{"line":89,"column":4},"end":{"line":89,"column":49}},"28":{"start":{"line":90,"column":4},"end":{"line":90,"column":61}},"29":{"start":{"line":95,"column":0},"end":{"line":138,"column":3}},"30":{"start":{"line":96,"column":2},"end":{"line":137,"column":3}},"31":{"start":{"line":97,"column":4},"end":{"line":97,"column":44}},"32":{"start":{"line":98,"column":55},"end":{"line":98,"column":63}},"33":{"start":{"line":101,"column":26},"end":{"line":101,"column":28}},"34":{"start":{"line":102,"column":4},"end":{"line":102,"column":50}},"35":{"start":{"line":102,"column":19},"end":{"line":102,"column":50}},"36":{"start":{"line":103,"column":4},"end":{"line":103,"column":44}},"37":{"start":{"line":103,"column":16},"end":{"line":103,"column":44}},"38":{"start":{"line":104,"column":4},"end":{"line":104,"column":54}},"39":{"start":{"line":104,"column":21},"end":{"line":104,"column":54}},"40":{"start":{"line":105,"column":4},"end":{"line":105,"column":52}},"41":{"start":{"line":105,"column":20},"end":{"line":105,"column":52}},"42":{"start":{"line":107,"column":4},"end":{"line":109,"column":5}},"43":{"start":{"line":108,"column":6},"end":{"line":108,"column":101}},"44":{"start":{"line":111,"column":15},"end":{"line":111,"column":30}},"45":{"start":{"line":114,"column":25},"end":{"line":117,"column":5}},"46":{"start":{"line":119,"column":4},"end":{"line":121,"column":5}},"47":{"start":{"line":120,"column":6},"end":{"line":120,"column":71}},"48":{"start":{"line":124,"column":19},"end":{"line":128,"column":5}},"49":{"start":{"line":130,"column":4},"end":{"line":133,"column":7}},"50":{"start":{"line":135,"column":4},"end":{"line":135,"column":45}},"51":{"start":{"line":136,"column":4},"end":{"line":136,"column":61}},"52":{"start":{"line":141,"column":0},"end":{"line":170,"column":3}},"53":{"start":{"line":142,"column":2},"end":{"line":169,"column":3}},"54":{"start":{"line":143,"column":4},"end":{"line":145,"column":5}},"55":{"start":{"line":144,"column":6},"end":{"line":144,"column":61}},"56":{"start":{"line":147,"column":15},"end":{"line":147,"column":30}},"57":{"start":{"line":150,"column":4},"end":{"line":150,"column":80}},"58":{"start":{"line":153,"column":19},"end":{"line":153,"column":92}},"59":{"start":{"line":155,"column":4},"end":{"line":157,"column":5}},"60":{"start":{"line":156,"column":6},"end":{"line":156,"column":63}},"61":{"start":{"line":160,"column":4},"end":{"line":165,"column":7}},"62":{"start":{"line":161,"column":6},"end":{"line":163,"column":7}},"63":{"start":{"line":162,"column":8},"end":{"line":162,"column":89}},"64":{"start":{"line":164,"column":6},"end":{"line":164,"column":88}},"65":{"start":{"line":167,"column":4},"end":{"line":167,"column":52}},"66":{"start":{"line":168,"column":4},"end":{"line":168,"column":61}},"67":{"start":{"line":173,"column":0},"end":{"line":188,"column":3}},"68":{"start":{"line":174,"column":30},"end":{"line":174,"column":38}},"69":{"start":{"line":175,"column":13},"end":{"line":175,"column":28}},"70":{"start":{"line":178,"column":15},"end":{"line":178,"column":102}},"71":{"start":{"line":180,"column":2},"end":{"line":187,"column":3}},"72":{"start":{"line":182,"column":4},"end":{"line":182,"column":38}},"73":{"start":{"line":183,"column":4},"end":{"line":183,"column":41}},"74":{"start":{"line":184,"column":4},"end":{"line":184,"column":92}},"75":{"start":{"line":186,"column":4},"end":{"line":186,"column":59}},"76":{"start":{"line":191,"column":0},"end":{"line":193,"column":3}},"77":{"start":{"line":192,"column":2},"end":{"line":192,"column":54}},"78":{"start":{"line":196,"column":0},"end":{"line":202,"column":3}},"79":{"start":{"line":197,"column":2},"end":{"line":199,"column":3}},"80":{"start":{"line":198,"column":4},"end":{"line":198,"column":90}},"81":{"start":{"line":201,"column":2},"end":{"line":201,"column":57}},"82":{"start":{"line":205,"column":0},"end":{"line":207,"column":3}},"83":{"start":{"line":206,"column":2},"end":{"line":206,"column":54}},"84":{"start":{"line":210,"column":0},"end":{"line":221,"column":3}},"85":{"start":{"line":211,"column":0},"end":{"line":213,"column":3}},"86":{"start":{"line":212,"column":4},"end":{"line":212,"column":64}},"87":{"start":{"line":215,"column":2},"end":{"line":220,"column":5}},"88":{"start":{"line":216,"column":4},"end":{"line":218,"column":5}},"89":{"start":{"line":217,"column":6},"end":{"line":217,"column":66}},"90":{"start":{"line":219,"column":4},"end":{"line":219,"column":65}},"91":{"start":{"line":224,"column":0},"end":{"line":230,"column":3}},"92":{"start":{"line":225,"column":2},"end":{"line":227,"column":3}},"93":{"start":{"line":226,"column":4},"end":{"line":226,"column":83}},"94":{"start":{"line":229,"column":2},"end":{"line":229,"column":54}},"95":{"start":{"line":233,"column":0},"end":{"line":247,"column":3}},"96":{"start":{"line":234,"column":2},"end":{"line":246,"column":3}},"97":{"start":{"line":235,"column":4},"end":{"line":237,"column":5}},"98":{"start":{"line":236,"column":6},"end":{"line":236,"column":86}},"99":{"start":{"line":239,"column":15},"end":{"line":239,"column":30}},"100":{"start":{"line":240,"column":20},"end":{"line":240,"column":97}},"101":{"start":{"line":242,"column":4},"end":{"line":242,"column":38}},"102":{"start":{"line":244,"column":4},"end":{"line":244,"column":52}},"103":{"start":{"line":245,"column":4},"end":{"line":245,"column":61}},"104":{"start":{"line":250,"column":0},"end":{"line":274,"column":3}},"105":{"start":{"line":251,"column":2},"end":{"line":273,"column":3}},"106":{"start":{"line":252,"column":4},"end":{"line":254,"column":5}},"107":{"start":{"line":253,"column":6},"end":{"line":253,"column":61}},"108":{"start":{"line":256,"column":21},"end":{"line":256,"column":34}},"109":{"start":{"line":257,"column":15},"end":{"line":257,"column":30}},"110":{"start":{"line":260,"column":19},"end":{"line":263,"column":5}},"111":{"start":{"line":265,"column":4},"end":{"line":267,"column":5}},"112":{"start":{"line":266,"column":6},"end":{"line":266,"column":81}},"113":{"start":{"line":269,"column":4},"end":{"line":269,"column":69}},"114":{"start":{"line":271,"column":4},"end":{"line":271,"column":51}},"115":{"start":{"line":272,"column":4},"end":{"line":272,"column":61}},"116":{"start":{"line":277,"column":0},"end":{"line":320,"column":3}},"117":{"start":{"line":278,"column":2},"end":{"line":319,"column":3}},"118":{"start":{"line":279,"column":4},"end":{"line":281,"column":5}},"119":{"start":{"line":280,"column":6},"end":{"line":280,"column":61}},"120":{"start":{"line":283,"column":21},"end":{"line":283,"column":34}},"121":{"start":{"line":284,"column":87},"end":{"line":284,"column":95}},"122":{"start":{"line":287,"column":4},"end":{"line":289,"column":5}},"123":{"start":{"line":288,"column":6},"end":{"line":288,"column":72}},"124":{"start":{"line":293,"column":4},"end":{"line":295,"column":5}},"125":{"start":{"line":294,"column":6},"end":{"line":294,"column":81}},"126":{"start":{"line":298,"column":4},"end":{"line":300,"column":5}},"127":{"start":{"line":299,"column":6},"end":{"line":299,"column":77}},"128":{"start":{"line":302,"column":15},"end":{"line":302,"column":30}},"129":{"start":{"line":305,"column":19},"end":{"line":309,"column":110}},"130":{"start":{"line":311,"column":4},"end":{"line":313,"column":5}},"131":{"start":{"line":312,"column":6},"end":{"line":312,"column":81}},"132":{"start":{"line":315,"column":4},"end":{"line":315,"column":69}},"133":{"start":{"line":317,"column":4},"end":{"line":317,"column":51}},"134":{"start":{"line":318,"column":4},"end":{"line":318,"column":61}},"135":{"start":{"line":329,"column":0},"end":{"line":352,"column":3}},"136":{"start":{"line":330,"column":2},"end":{"line":351,"column":3}},"137":{"start":{"line":331,"column":4},"end":{"line":333,"column":3}},"138":{"start":{"line":332,"column":4},"end":{"line":332,"column":91}},"139":{"start":{"line":334,"column":25},"end":{"line":334,"column":35}},"140":{"start":{"line":335,"column":15},"end":{"line":335,"column":30}},"141":{"start":{"line":338,"column":17},"end":{"line":338,"column":83}},"142":{"start":{"line":340,"column":4},"end":{"line":342,"column":5}},"143":{"start":{"line":341,"column":6},"end":{"line":341,"column":63}},"144":{"start":{"line":345,"column":20},"end":{"line":345,"column":91}},"145":{"start":{"line":347,"column":4},"end":{"line":347,"column":38}},"146":{"start":{"line":349,"column":4},"end":{"line":349,"column":57}},"147":{"start":{"line":350,"column":4},"end":{"line":350,"column":61}},"148":{"start":{"line":355,"column":0},"end":{"line":357,"column":3}},"149":{"start":{"line":356,"column":2},"end":{"line":356,"column":55}}},"fnMap":{"0":{"name":"(anonymous_0)","decl":{"start":{"line":46,"column":13},"end":{"line":46,"column":14}},"loc":{"start":{"line":46,"column":27},"end":{"line":48,"column":1}},"line":46},"1":{"name":"(anonymous_1)","decl":{"start":{"line":51,"column":21},"end":{"line":51,"column":22}},"loc":{"start":{"line":51,"column":41},"end":{"line":92,"column":1}},"line":51},"2":{"name":"(anonymous_2)","decl":{"start":{"line":95,"column":20},"end":{"line":95,"column":21}},"loc":{"start":{"line":95,"column":40},"end":{"line":138,"column":1}},"line":95},"3":{"name":"(anonymous_3)","decl":{"start":{"line":141,"column":23},"end":{"line":141,"column":24}},"loc":{"start":{"line":141,"column":43},"end":{"line":170,"column":1}},"line":141},"4":{"name":"(anonymous_4)","decl":{"start":{"line":160,"column":24},"end":{"line":160,"column":25}},"loc":{"start":{"line":160,"column":33},"end":{"line":165,"column":5}},"line":160},"5":{"name":"(anonymous_5)","decl":{"start":{"line":173,"column":20},"end":{"line":173,"column":21}},"loc":{"start":{"line":173,"column":40},"end":{"line":188,"column":1}},"line":173},"6":{"name":"(anonymous_6)","decl":{"start":{"line":191,"column":19},"end":{"line":191,"column":20}},"loc":{"start":{"line":191,"column":39},"end":{"line":193,"column":1}},"line":191},"7":{"name":"(anonymous_7)","decl":{"start":{"line":196,"column":22},"end":{"line":196,"column":23}},"loc":{"start":{"line":196,"column":36},"end":{"line":202,"column":1}},"line":196},"8":{"name":"(anonymous_8)","decl":{"start":{"line":205,"column":19},"end":{"line":205,"column":20}},"loc":{"start":{"line":205,"column":39},"end":{"line":207,"column":1}},"line":205},"9":{"name":"(anonymous_9)","decl":{"start":{"line":210,"column":20},"end":{"line":210,"column":21}},"loc":{"start":{"line":210,"column":34},"end":{"line":221,"column":1}},"line":210},"10":{"name":"(anonymous_10)","decl":{"start":{"line":215,"column":22},"end":{"line":215,"column":23}},"loc":{"start":{"line":215,"column":31},"end":{"line":220,"column":3}},"line":215},"11":{"name":"(anonymous_11)","decl":{"start":{"line":224,"column":23},"end":{"line":224,"column":24}},"loc":{"start":{"line":224,"column":43},"end":{"line":230,"column":1}},"line":224},"12":{"name":"(anonymous_12)","decl":{"start":{"line":233,"column":20},"end":{"line":233,"column":21}},"loc":{"start":{"line":233,"column":40},"end":{"line":247,"column":1}},"line":233},"13":{"name":"(anonymous_13)","decl":{"start":{"line":250,"column":27},"end":{"line":250,"column":28}},"loc":{"start":{"line":250,"column":47},"end":{"line":274,"column":1}},"line":250},"14":{"name":"(anonymous_14)","decl":{"start":{"line":277,"column":24},"end":{"line":277,"column":25}},"loc":{"start":{"line":277,"column":44},"end":{"line":320,"column":1}},"line":277},"15":{"name":"(anonymous_15)","decl":{"start":{"line":329,"column":39},"end":{"line":329,"column":40}},"loc":{"start":{"line":329,"column":59},"end":{"line":352,"column":1}},"line":329},"16":{"name":"(anonymous_16)","decl":{"start":{"line":355,"column":17},"end":{"line":355,"column":18}},"loc":{"start":{"line":355,"column":23},"end":{"line":357,"column":1}},"line":355}},"branchMap":{"0":{"loc":{"start":{"line":31,"column":10},"end":{"line":31,"column":60}},"type":"binary-expr","locations":[{"start":{"line":31,"column":10},"end":{"line":31,"column":36}},{"start":{"line":31,"column":40},"end":{"line":31,"column":60}}],"line":31},"1":{"loc":{"start":{"line":57,"column":4},"end":{"line":59,"column":5}},"type":"if","locations":[{"start":{"line":57,"column":4},"end":{"line":59,"column":5}},{"start":{},"end":{}}],"line":57},"2":{"loc":{"start":{"line":57,"column":8},"end":{"line":57,"column":106}},"type":"binary-expr","locations":[{"start":{"line":57,"column":8},"end":{"line":57,"column":16}},{"start":{"line":57,"column":20},"end":{"line":57,"column":25}},{"start":{"line":57,"column":29},"end":{"line":57,"column":41}},{"start":{"line":57,"column":45},"end":{"line":57,"column":58}},{"start":{"line":57,"column":62},"end":{"line":57,"column":75}},{"start":{"line":57,"column":79},"end":{"line":57,"column":91}},{"start":{"line":57,"column":95},"end":{"line":57,"column":106}}],"line":57},"3":{"loc":{"start":{"line":62,"column":4},"end":{"line":64,"column":5}},"type":"if","locations":[{"start":{"line":62,"column":4},"end":{"line":64,"column":5}},{"start":{},"end":{}}],"line":62},"4":{"loc":{"start":{"line":67,"column":4},"end":{"line":69,"column":5}},"type":"if","locations":[{"start":{"line":67,"column":4},"end":{"line":69,"column":5}},{"start":{},"end":{}}],"line":67},"5":{"loc":{"start":{"line":102,"column":4},"end":{"line":102,"column":50}},"type":"if","locations":[{"start":{"line":102,"column":4},"end":{"line":102,"column":50}},{"start":{},"end":{}}],"line":102},"6":{"loc":{"start":{"line":103,"column":4},"end":{"line":103,"column":44}},"type":"if","locations":[{"start":{"line":103,"column":4},"end":{"line":103,"column":44}},{"start":{},"end":{}}],"line":103},"7":{"loc":{"start":{"line":104,"column":4},"end":{"line":104,"column":54}},"type":"if","locations":[{"start":{"line":104,"column":4},"end":{"line":104,"column":54}},{"start":{},"end":{}}],"line":104},"8":{"loc":{"start":{"line":105,"column":4},"end":{"line":105,"column":52}},"type":"if","locations":[{"start":{"line":105,"column":4},"end":{"line":105,"column":52}},{"start":{},"end":{}}],"line":105},"9":{"loc":{"start":{"line":107,"column":4},"end":{"line":109,"column":5}},"type":"if","locations":[{"start":{"line":107,"column":4},"end":{"line":109,"column":5}},{"start":{},"end":{}}],"line":107},"10":{"loc":{"start":{"line":119,"column":4},"end":{"line":121,"column":5}},"type":"if","locations":[{"start":{"line":119,"column":4},"end":{"line":121,"column":5}},{"start":{},"end":{}}],"line":119},"11":{"loc":{"start":{"line":143,"column":4},"end":{"line":145,"column":5}},"type":"if","locations":[{"start":{"line":143,"column":4},"end":{"line":145,"column":5}},{"start":{},"end":{}}],"line":143},"12":{"loc":{"start":{"line":155,"column":4},"end":{"line":157,"column":5}},"type":"if","locations":[{"start":{"line":155,"column":4},"end":{"line":157,"column":5}},{"start":{},"end":{}}],"line":155},"13":{"loc":{"start":{"line":161,"column":6},"end":{"line":163,"column":7}},"type":"if","locations":[{"start":{"line":161,"column":6},"end":{"line":163,"column":7}},{"start":{},"end":{}}],"line":161},"14":{"loc":{"start":{"line":180,"column":2},"end":{"line":187,"column":3}},"type":"if","locations":[{"start":{"line":180,"column":2},"end":{"line":187,"column":3}},{"start":{"line":185,"column":9},"end":{"line":187,"column":3}}],"line":180},"15":{"loc":{"start":{"line":197,"column":2},"end":{"line":199,"column":3}},"type":"if","locations":[{"start":{"line":197,"column":2},"end":{"line":199,"column":3}},{"start":{},"end":{}}],"line":197},"16":{"loc":{"start":{"line":211,"column":0},"end":{"line":213,"column":3}},"type":"if","locations":[{"start":{"line":211,"column":0},"end":{"line":213,"column":3}},{"start":{},"end":{}}],"line":211},"17":{"loc":{"start":{"line":216,"column":4},"end":{"line":218,"column":5}},"type":"if","locations":[{"start":{"line":216,"column":4},"end":{"line":218,"column":5}},{"start":{},"end":{}}],"line":216},"18":{"loc":{"start":{"line":225,"column":2},"end":{"line":227,"column":3}},"type":"if","locations":[{"start":{"line":225,"column":2},"end":{"line":227,"column":3}},{"start":{},"end":{}}],"line":225},"19":{"loc":{"start":{"line":235,"column":4},"end":{"line":237,"column":5}},"type":"if","locations":[{"start":{"line":235,"column":4},"end":{"line":237,"column":5}},{"start":{},"end":{}}],"line":235},"20":{"loc":{"start":{"line":252,"column":4},"end":{"line":254,"column":5}},"type":"if","locations":[{"start":{"line":252,"column":4},"end":{"line":254,"column":5}},{"start":{},"end":{}}],"line":252},"21":{"loc":{"start":{"line":265,"column":4},"end":{"line":267,"column":5}},"type":"if","locations":[{"start":{"line":265,"column":4},"end":{"line":267,"column":5}},{"start":{},"end":{}}],"line":265},"22":{"loc":{"start":{"line":279,"column":4},"end":{"line":281,"column":5}},"type":"if","locations":[{"start":{"line":279,"column":4},"end":{"line":281,"column":5}},{"start":{},"end":{}}],"line":279},"23":{"loc":{"start":{"line":287,"column":4},"end":{"line":289,"column":5}},"type":"if","locations":[{"start":{"line":287,"column":4},"end":{"line":289,"column":5}},{"start":{},"end":{}}],"line":287},"24":{"loc":{"start":{"line":287,"column":8},"end":{"line":287,"column":94}},"type":"binary-expr","locations":[{"start":{"line":287,"column":8},"end":{"line":287,"column":13}},{"start":{"line":287,"column":17},"end":{"line":287,"column":29}},{"start":{"line":287,"column":33},"end":{"line":287,"column":46}},{"start":{"line":287,"column":50},"end":{"line":287,"column":63}},{"start":{"line":287,"column":67},"end":{"line":287,"column":79}},{"start":{"line":287,"column":83},"end":{"line":287,"column":94}}],"line":287},"25":{"loc":{"start":{"line":293,"column":4},"end":{"line":295,"column":5}},"type":"if","locations":[{"start":{"line":293,"column":4},"end":{"line":295,"column":5}},{"start":{},"end":{}}],"line":293},"26":{"loc":{"start":{"line":298,"column":4},"end":{"line":300,"column":5}},"type":"if","locations":[{"start":{"line":298,"column":4},"end":{"line":300,"column":5}},{"start":{},"end":{}}],"line":298},"27":{"loc":{"start":{"line":311,"column":4},"end":{"line":313,"column":5}},"type":"if","locations":[{"start":{"line":311,"column":4},"end":{"line":313,"column":5}},{"start":{},"end":{}}],"line":311},"28":{"loc":{"start":{"line":331,"column":4},"end":{"line":333,"column":3}},"type":"if","locations":[{"start":{"line":331,"column":4},"end":{"line":333,"column":3}},{"start":{},"end":{}}],"line":331},"29":{"loc":{"start":{"line":340,"column":4},"end":{"line":342,"column":5}},"type":"if","locations":[{"start":{"line":340,"column":4},"end":{"line":342,"column":5}},{"start":{},"end":{}}],"line":340}},"s":{"0":1,"1":1,"2":1,"3":1,"4":1,"5":1,"6":1,"7":1,"8":1,"9":1,"10":1,"11":1,"12":0,"13":1,"14":13,"15":13,"16":13,"17":13,"18":6,"19":7,"20":1,"21":6,"22":1,"23":5,"24":5,"25":5,"26":5,"27":0,"28":0,"29":1,"30":7,"31":7,"32":7,"33":7,"34":7,"35":1,"36":7,"37":1,"38":7,"39":1,"40":7,"41":1,"42":7,"43":4,"44":3,"45":3,"46":3,"47":2,"48":1,"49":1,"50":0,"51":0,"52":1,"53":1,"54":1,"55":0,"56":1,"57":1,"58":1,"59":1,"60":0,"61":1,"62":1,"63":0,"64":1,"65":0,"66":0,"67":1,"68":27,"69":27,"70":27,"71":27,"72":22,"73":22,"74":22,"75":5,"76":1,"77":0,"78":1,"79":2,"80":1,"81":1,"82":1,"83":0,"84":1,"85":2,"86":1,"87":1,"88":1,"89":0,"90":1,"91":1,"92":0,"93":0,"94":0,"95":1,"96":3,"97":3,"98":1,"99":2,"100":2,"101":2,"102":0,"103":0,"104":1,"105":8,"106":8,"107":2,"108":6,"109":6,"110":6,"111":6,"112":1,"113":5,"114":0,"115":0,"116":1,"117":5,"118":5,"119":1,"120":4,"121":4,"122":4,"123":0,"124":4,"125":1,"126":3,"127":1,"128":2,"129":2,"130":2,"131":1,"132":1,"133":0,"134":0,"135":1,"136":3,"137":3,"138":1,"139":2,"140":2,"141":2,"142":2,"143":1,"144":1,"145":1,"146":0,"147":0,"148":1,"149":1},"f":{"0":0,"1":13,"2":7,"3":1,"4":1,"5":27,"6":0,"7":2,"8":0,"9":2,"10":1,"11":0,"12":3,"13":8,"14":5,"15":3,"16":1},"b":{"0":[1,1],"1":[6,7],"2":[13,13,12,11,10,9,8],"3":[1,6],"4":[1,5],"5":[1,6],"6":[1,6],"7":[1,6],"8":[1,6],"9":[4,3],"10":[2,1],"11":[0,1],"12":[0,1],"13":[0,1],"14":[22,5],"15":[1,1],"16":[1,1],"17":[0,1],"18":[0,0],"19":[1,2],"20":[2,6],"21":[1,5],"22":[1,4],"23":[0,4],"24":[4,4,4,4,4,4],"25":[1,3],"26":[1,2],"27":[1,1],"28":[1,2],"29":[1,1]},"_coverageSchema":"1a1c01bbd47fc00a2c39e90264f33305004495a9","hash":"3ab0e4877707e33591ac89365f5d1fb56455244d"}
}
