TN:
SF:svr.js
FN:46,(anonymous_0)
FN:51,(anonymous_1)
FN:95,(anonymous_2)
FN:141,(anonymous_3)
FN:160,(anonymous_4)
FN:173,(anonymous_5)
FN:191,(anonymous_6)
FN:196,(anonymous_7)
FN:205,(anonymous_8)
FN:210,(anonymous_9)
FN:215,(anonymous_10)
FN:224,(anonymous_11)
FN:233,(anonymous_12)
FN:250,(anonymous_13)
FN:277,(anonymous_14)
FN:329,(anonymous_15)
FN:355,(anonymous_16)
FNF:17
FNH:13
FNDA:0,(anonymous_0)
FNDA:13,(anonymous_1)
FNDA:7,(anonymous_2)
FNDA:1,(anonymous_3)
FNDA:1,(anonymous_4)
FNDA:27,(anonymous_5)
FNDA:0,(anonymous_6)
FNDA:2,(anonymous_7)
FNDA:0,(anonymous_8)
FNDA:2,(anonymous_9)
FNDA:1,(anonymous_10)
FNDA:0,(anonymous_11)
FNDA:3,(anonymous_12)
FNDA:8,(anonymous_13)
FNDA:5,(anonymous_14)
FNDA:3,(anonymous_15)
FNDA:1,(anonymous_16)
DA:11,1
DA:13,1
DA:14,1
DA:17,1
DA:18,1
DA:21,1
DA:26,1
DA:27,1
DA:30,1
DA:40,1
DA:43,1
DA:46,1
DA:47,0
DA:51,1
DA:52,13
DA:53,13
DA:54,13
DA:57,13
DA:58,6
DA:62,7
DA:63,1
DA:67,6
DA:68,1
DA:71,5
DA:74,5
DA:81,5
DA:84,5
DA:89,0
DA:90,0
DA:95,1
DA:96,7
DA:97,7
DA:98,7
DA:101,7
DA:102,7
DA:103,7
DA:104,7
DA:105,7
DA:107,7
DA:108,4
DA:111,3
DA:114,3
DA:119,3
DA:120,2
DA:124,1
DA:130,1
DA:135,0
DA:136,0
DA:141,1
DA:142,1
DA:143,1
DA:144,0
DA:147,1
DA:150,1
DA:153,1
DA:155,1
DA:156,0
DA:160,1
DA:161,1
DA:162,0
DA:164,1
DA:167,0
DA:168,0
DA:173,1
DA:174,27
DA:175,27
DA:178,27
DA:180,27
DA:182,22
DA:183,22
DA:184,22
DA:186,5
DA:191,1
DA:192,0
DA:196,1
DA:197,2
DA:198,1
DA:201,1
DA:205,1
DA:206,0
DA:210,1
DA:211,2
DA:212,1
DA:215,1
DA:216,1
DA:217,0
DA:219,1
DA:224,1
DA:225,0
DA:226,0
DA:229,0
DA:233,1
DA:234,3
DA:235,3
DA:236,1
DA:239,2
DA:240,2
DA:242,2
DA:244,0
DA:245,0
DA:250,1
DA:251,8
DA:252,8
DA:253,2
DA:256,6
DA:257,6
DA:260,6
DA:265,6
DA:266,1
DA:269,5
DA:271,0
DA:272,0
DA:277,1
DA:278,5
DA:279,5
DA:280,1
DA:283,4
DA:284,4
DA:287,4
DA:288,0
DA:293,4
DA:294,1
DA:298,3
DA:299,1
DA:302,2
DA:305,2
DA:311,2
DA:312,1
DA:315,1
DA:317,0
DA:318,0
DA:329,1
DA:330,3
DA:331,3
DA:332,1
DA:334,2
DA:335,2
DA:338,2
DA:340,2
DA:341,1
DA:345,1
DA:347,1
DA:349,0
DA:350,0
DA:355,1
DA:356,1
LF:146
LH:121
BRDA:31,0,0,1
BRDA:31,0,1,1
BRDA:57,1,0,6
BRDA:57,1,1,7
BRDA:57,2,0,13
BRDA:57,2,1,13
BRDA:57,2,2,12
BRDA:57,2,3,11
BRDA:57,2,4,10
BRDA:57,2,5,9
BRDA:57,2,6,8
BRDA:62,3,0,1
BRDA:62,3,1,6
BRDA:67,4,0,1
BRDA:67,4,1,5
BRDA:102,5,0,1
BRDA:102,5,1,6
BRDA:103,6,0,1
BRDA:103,6,1,6
BRDA:104,7,0,1
BRDA:104,7,1,6
BRDA:105,8,0,1
BRDA:105,8,1,6
BRDA:107,9,0,4
BRDA:107,9,1,3
BRDA:119,10,0,2
BRDA:119,10,1,1
BRDA:143,11,0,0
BRDA:143,11,1,1
BRDA:155,12,0,0
BRDA:155,12,1,1
BRDA:161,13,0,0
BRDA:161,13,1,1
BRDA:180,14,0,22
BRDA:180,14,1,5
BRDA:197,15,0,1
BRDA:197,15,1,1
BRDA:211,16,0,1
BRDA:211,16,1,1
BRDA:216,17,0,0
BRDA:216,17,1,1
BRDA:225,18,0,0
BRDA:225,18,1,0
BRDA:235,19,0,1
BRDA:235,19,1,2
BRDA:252,20,0,2
BRDA:252,20,1,6
BRDA:265,21,0,1
BRDA:265,21,1,5
BRDA:279,22,0,1
BRDA:279,22,1,4
BRDA:287,23,0,0
BRDA:287,23,1,4
BRDA:287,24,0,4
BRDA:287,24,1,4
BRDA:287,24,2,4
BRDA:287,24,3,4
BRDA:287,24,4,4
BRDA:287,24,5,4
BRDA:293,25,0,1
BRDA:293,25,1,3
BRDA:298,26,0,1
BRDA:298,26,1,2
BRDA:311,27,0,1
BRDA:311,27,1,1
BRDA:331,28,0,1
BRDA:331,28,1,2
BRDA:340,29,0,1
BRDA:340,29,1,1
BRF:69
BRH:62
end_of_record
